Determining if the pthread_create exist failed with the following output:
Change Dir: /media/unicastrouting/programmingassignment2_files/cmake-build-debug/CMakeFiles/CMakeTmp

Run Build Command:"/usr/bin/make" "cmTC_c3cd3/fast"
make: Warning: File 'Makefile' has modification time 0.12 s in the future
/usr/bin/make -f CMakeFiles/cmTC_c3cd3.dir/build.make CMakeFiles/cmTC_c3cd3.dir/build
make[1]: Entering directory '/media/unicastrouting/programmingassignment2_files/cmake-build-debug/CMakeFiles/CMakeTmp'
make[1]: Warning: File 'CMakeFiles/cmTC_c3cd3.dir/flags.make' has modification time 0.11 s in the future
Building C object CMakeFiles/cmTC_c3cd3.dir/CheckSymbolExists.c.o
/usr/bin/gcc     -o CMakeFiles/cmTC_c3cd3.dir/CheckSymbolExists.c.o   -c /media/unicastrouting/programmingassignment2_files/cmake-build-debug/CMakeFiles/CMakeTmp/CheckSymbolExists.c
Linking C executable cmTC_c3cd3
/usr/bin/cmake -E cmake_link_script CMakeFiles/cmTC_c3cd3.dir/link.txt --verbose=1
/usr/bin/gcc       CMakeFiles/cmTC_c3cd3.dir/CheckSymbolExists.c.o  -o cmTC_c3cd3 
CMakeFiles/cmTC_c3cd3.dir/CheckSymbolExists.c.o: In function `main':
CheckSymbolExists.c:(.text+0xa): undefined reference to `pthread_create'
collect2: error: ld returned 1 exit status
CMakeFiles/cmTC_c3cd3.dir/build.make:97: recipe for target 'cmTC_c3cd3' failed
make[1]: *** [cmTC_c3cd3] Error 1
make[1]: Leaving directory '/media/unicastrouting/programmingassignment2_files/cmake-build-debug/CMakeFiles/CMakeTmp'
Makefile:126: recipe for target 'cmTC_c3cd3/fast' failed
make: *** [cmTC_c3cd3/fast] Error 2

File /media/unicastrouting/programmingassignment2_files/cmake-build-debug/CMakeFiles/CMakeTmp/CheckSymbolExists.c:
/* */
#include <pthread.h>

int main(int argc, char** argv)
{
  (void)argv;
#ifndef pthread_create
  return ((int*)(&pthread_create))[argc];
#else
  (void)argc;
  return 0;
#endif
}

